Started by user Andreas Freund
Running as SYSTEM
Building in workspace /var/jenkins_home/workspace/ecommerce
The recommended git tool is: NONE
using credential 99704487-776e-4a06-8384-dfc0e0895bf6
 > git rev-parse --resolve-git-dir /var/jenkins_home/workspace/ecommerce/.git # timeout=10
Fetching changes from the remote Git repository
 > git config remote.origin.url https://github.com/andfreund/udacity-web-ecommerce # timeout=10
Fetching upstream changes from https://github.com/andfreund/udacity-web-ecommerce
 > git --version # timeout=10
 > git --version # 'git version 2.36.2'
using GIT_SSH to set credentials 
[INFO] Currently running in a labeled security context
 > /usr/bin/chcon --type=ssh_home_t /var/jenkins_home/workspace/ecommerce@tmp/jenkins-gitclient-ssh16952710444377070945.key
Verifying host key using known hosts file
You're using 'Known hosts file' strategy to verify ssh host keys, but your known_hosts file does not exist, please go to 'Manage Jenkins' -> 'Configure Global Security' -> 'Git Host Key Verification Configuration' and configure host key verification.
 > git fetch --tags --force --progress -- https://github.com/andfreund/udacity-web-ecommerce +refs/heads/*:refs/remotes/origin/* # timeout=10
 > git rev-parse refs/remotes/origin/master^{commit} # timeout=10
Checking out Revision c9c62d7b186039c33af997d2f733ac89c1348020 (refs/remotes/origin/master)
 > git config core.sparsecheckout # timeout=10
 > git checkout -f c9c62d7b186039c33af997d2f733ac89c1348020 # timeout=10
Commit message: "Update pom.xml"
 > git rev-list --no-walk a803065791b09a323e27c00cfc7f5d1d5f763e03 # timeout=10
[ecommerce] $ /usr/share/java/maven-3/bin/mvn -f ./starter_code/pom.xml clean compile package
[INFO] Scanning for projects...
[INFO] 
[INFO] ----------------------< com.example:auth-course >-----------------------
[INFO] Building auth-course 0.0.1-SNAPSHOT
[INFO] --------------------------------[ war ]---------------------------------
[INFO] 
[INFO] --- maven-clean-plugin:3.1.0:clean (default-clean) @ auth-course ---
[INFO] Deleting /var/jenkins_home/workspace/ecommerce/starter_code/target
[INFO] 
[INFO] --- maven-resources-plugin:3.1.0:resources (default-resources) @ auth-course ---
[INFO] Using 'UTF-8' encoding to copy filtered resources.
[INFO] Copying 1 resource
[INFO] Copying 2 resources
[INFO] 
[INFO] --- maven-compiler-plugin:3.8.1:compile (default-compile) @ auth-course ---
[INFO] Changes detected - recompiling the module!
[INFO] Compiling 20 source files to /var/jenkins_home/workspace/ecommerce/starter_code/target/classes
[INFO] 
[INFO] --- maven-resources-plugin:3.1.0:resources (default-resources) @ auth-course ---
[INFO] Using 'UTF-8' encoding to copy filtered resources.
[INFO] Copying 1 resource
[INFO] Copying 2 resources
[INFO] 
[INFO] --- maven-compiler-plugin:3.8.1:compile (default-compile) @ auth-course ---
[INFO] Changes detected - recompiling the module!
[INFO] Compiling 20 source files to /var/jenkins_home/workspace/ecommerce/starter_code/target/classes
[INFO] 
[INFO] --- maven-resources-plugin:3.1.0:testResources (default-testResources) @ auth-course ---
[INFO] Using 'UTF-8' encoding to copy filtered resources.
[INFO] skip non existing resourceDirectory /var/jenkins_home/workspace/ecommerce/starter_code/src/test/resources
[INFO] 
[INFO] --- maven-compiler-plugin:3.8.1:testCompile (default-testCompile) @ auth-course ---
[INFO] Changes detected - recompiling the module!
[INFO] Compiling 4 source files to /var/jenkins_home/workspace/ecommerce/starter_code/target/test-classes
[INFO] 
[INFO] --- maven-surefire-plugin:2.22.2:test (default-test) @ auth-course ---
[WARNING] useSystemClassloader setting has no effect when not forking
[INFO] Running com.example.demo.ItemControllerTests

  .   ____          _            __ _ _
 /\\ / ___'_ __ _ _(_)_ __  __ _ \ \ \ \
( ( )\___ | '_ | '_| | '_ \/ _` | \ \ \ \
 \\/  ___)| |_)| | | | | || (_| |  ) ) ) )
  '  |____| .__|_| |_|_| |_\__, | / / / /
 =========|_|==============|___/=/_/_/_/
 :: Spring Boot ::        (v2.1.5.RELEASE)

[INFO] Tests run: 3, Failures: 0, Errors: 0, Skipped: 0, Time elapsed: 16.315 s - in com.example.demo.ItemControllerTests
[INFO] Running com.example.demo.OrderControllerTests

  .   ____          _            __ _ _
 /\\ / ___'_ __ _ _(_)_ __  __ _ \ \ \ \
( ( )\___ | '_ | '_| | '_ \/ _` | \ \ \ \
 \\/  ___)| |_)| | | | | || (_| |  ) ) ) )
  '  |____| .__|_| |_|_| |_\__, | / / / /
 =========|_|==============|___/=/_/_/_/
 :: Spring Boot ::        (v2.1.5.RELEASE)

[INFO] Tests run: 5, Failures: 0, Errors: 0, Skipped: 0, Time elapsed: 3.652 s - in com.example.demo.OrderControllerTests
[INFO] Running com.example.demo.CartControllerTests

  .   ____          _            __ _ _
 /\\ / ___'_ __ _ _(_)_ __  __ _ \ \ \ \
( ( )\___ | '_ | '_| | '_ \/ _` | \ \ \ \
 \\/  ___)| |_)| | | | | || (_| |  ) ) ) )
  '  |____| .__|_| |_|_| |_\__, | / / / /
 =========|_|==============|___/=/_/_/_/
 :: Spring Boot ::        (v2.1.5.RELEASE)

[INFO] Tests run: 6, Failures: 0, Errors: 0, Skipped: 0, Time elapsed: 2.985 s - in com.example.demo.CartControllerTests
[INFO] Running com.example.demo.UserControllerTests

  .   ____          _            __ _ _
 /\\ / ___'_ __ _ _(_)_ __  __ _ \ \ \ \
( ( )\___ | '_ | '_| | '_ \/ _` | \ \ \ \
 \\/  ___)| |_)| | | | | || (_| |  ) ) ) )
  '  |____| .__|_| |_|_| |_\__, | / / / /
 =========|_|==============|___/=/_/_/_/
 :: Spring Boot ::        (v2.1.5.RELEASE)

[INFO] Tests run: 5, Failures: 0, Errors: 0, Skipped: 0, Time elapsed: 2.634 s - in com.example.demo.UserControllerTests
[INFO] 
[INFO] Results:
[INFO] 
[INFO] Tests run: 19, Failures: 0, Errors: 0, Skipped: 0
[INFO] 
[INFO] 
[INFO] --- maven-war-plugin:3.2.2:war (default-war) @ auth-course ---
[INFO] Packaging webapp
[INFO] Assembling webapp [auth-course] in [/var/jenkins_home/workspace/ecommerce/starter_code/target/auth-course-0.0.1-SNAPSHOT]
[INFO] Processing war project
[INFO] Webapp assembled in [1087 msecs]
[INFO] Building war: /var/jenkins_home/workspace/ecommerce/starter_code/target/auth-course-0.0.1-SNAPSHOT.war
[INFO] 
[INFO] --- spring-boot-maven-plugin:2.1.5.RELEASE:repackage (repackage) @ auth-course ---
Downloading from central: https://repo.maven.apache.org/maven2/org/springframework/boot/spring-boot-loader-tools/2.1.5.RELEASE/spring-boot-loader-tools-2.1.5.RELEASE.jar
Downloading from central: https://repo.maven.apache.org/maven2/org/apache/commons/commons-lang3/3.8.1/commons-lang3-3.8.1.jar
Downloading from central: https://repo.maven.apache.org/maven2/org/apache/maven/shared/maven-common-artifact-filters/3.0.1/maven-common-artifact-filters-3.0.1.jar
Downloading from central: https://repo.maven.apache.org/maven2/javax/enterprise/cdi-api/1.0/cdi-api-1.0.jar
Progress (1): 4.1/502 kB
Progress (2): 4.1/502 kB | 4.1/149 kB
Progress (3): 4.1/502 kB | 4.1/149 kB | 2.7/61 kB
Progress (4): 4.1/502 kB | 4.1/149 kB | 2.7/61 kB | 2.7/45 kB
Progress (4): 4.1/502 kB | 4.1/149 kB | 2.7/61 kB | 5.5/45 kB
Progress (4): 4.1/502 kB | 4.1/149 kB | 2.7/61 kB | 8.2/45 kB
Progress (4): 4.1/502 kB | 4.1/149 kB | 2.7/61 kB | 11/45 kB 
Progress (4): 4.1/502 kB | 4.1/149 kB | 2.7/61 kB | 14/45 kB
Progress (4): 8.2/502 kB | 4.1/149 kB | 2.7/61 kB | 14/45 kB
Progress (4): 12/502 kB | 4.1/149 kB | 2.7/61 kB | 14/45 kB 
Progress (4): 12/502 kB | 8.2/149 kB | 2.7/61 kB | 14/45 kB
Progress (4): 12/502 kB | 8.2/149 kB | 5.5/61 kB | 14/45 kB
Progress (4): 12/502 kB | 8.2/149 kB | 8.2/61 kB | 14/45 kB
Progress (4): 12/502 kB | 8.2/149 kB | 11/61 kB | 14/45 kB 
Progress (4): 12/502 kB | 8.2/149 kB | 14/61 kB | 14/45 kB
Progress (4): 12/502 kB | 8.2/149 kB | 16/61 kB | 14/45 kB
Progress (4): 12/502 kB | 8.2/149 kB | 19/61 kB | 14/45 kB
Progress (4): 12/502 kB | 8.2/149 kB | 19/61 kB | 16/45 kB
Progress (4): 16/502 kB | 8.2/149 kB | 19/61 kB | 16/45 kB
Progress (4): 20/502 kB | 8.2/149 kB | 19/61 kB | 16/45 kB
Progress (4): 25/502 kB | 8.2/149 kB | 19/61 kB | 16/45 kB
Progress (4): 29/502 kB | 8.2/149 kB | 19/61 kB | 16/45 kB
Progress (4): 33/502 kB | 8.2/149 kB | 19/61 kB | 16/45 kB
Progress (4): 33/502 kB | 12/149 kB | 19/61 kB | 16/45 kB 
Progress (4): 33/502 kB | 16/149 kB | 19/61 kB | 16/45 kB
Progress (4): 33/502 kB | 20/149 kB | 19/61 kB | 16/45 kB
Progress (4): 33/502 kB | 25/149 kB | 19/61 kB | 16/45 kB
Progress (4): 33/502 kB | 29/149 kB | 19/61 kB | 16/45 kB
Progress (4): 33/502 kB | 33/149 kB | 19/61 kB | 16/45 kB
Progress (4): 33/502 kB | 37/149 kB | 19/61 kB | 16/45 kB
Progress (4): 33/502 kB | 41/149 kB | 19/61 kB | 16/45 kB
Progress (4): 33/502 kB | 45/149 kB | 19/61 kB | 16/45 kB
Progress (4): 33/502 kB | 49/149 kB | 19/61 kB | 16/45 kB
Progress (4): 33/502 kB | 49/149 kB | 19/61 kB | 19/45 kB
Progress (4): 33/502 kB | 49/149 kB | 19/61 kB | 22/45 kB
Progress (4): 33/502 kB | 49/149 kB | 19/61 kB | 25/45 kB
Progress (4): 33/502 kB | 49/149 kB | 22/61 kB | 25/45 kB
Progress (4): 33/502 kB | 49/149 kB | 25/61 kB | 25/45 kB
Progress (4): 33/502 kB | 49/149 kB | 27/61 kB | 25/45 kB
Progress (4): 33/502 kB | 49/149 kB | 27/61 kB | 27/45 kB
Progress (4): 33/502 kB | 49/149 kB | 27/61 kB | 30/45 kB
Progress (4): 33/502 kB | 49/149 kB | 27/61 kB | 33/45 kB
Progress (4): 33/502 kB | 49/149 kB | 30/61 kB | 33/45 kB
Progress (4): 33/502 kB | 49/149 kB | 33/61 kB | 33/45 kB
Progress (4): 37/502 kB | 49/149 kB | 33/61 kB | 33/45 kB
Progress (4): 41/502 kB | 49/149 kB | 33/61 kB | 33/45 kB
Progress (4): 45/502 kB | 49/149 kB | 33/61 kB | 33/45 kB
Progress (4): 49/502 kB | 49/149 kB | 33/61 kB | 33/45 kB
Progress (4): 53/502 kB | 49/149 kB | 33/61 kB | 33/45 kB
Progress (4): 53/502 kB | 49/149 kB | 33/61 kB | 36/45 kB
Progress (4): 53/502 kB | 49/149 kB | 33/61 kB | 38/45 kB
Progress (4): 53/502 kB | 49/149 kB | 33/61 kB | 41/45 kB
Progress (4): 53/502 kB | 49/149 kB | 33/61 kB | 44/45 kB
Progress (4): 53/502 kB | 49/149 kB | 33/61 kB | 45 kB   
Progress (4): 53/502 kB | 49/149 kB | 36/61 kB | 45 kB
Progress (4): 53/502 kB | 49/149 kB | 38/61 kB | 45 kB
Progress (4): 53/502 kB | 49/149 kB | 41/61 kB | 45 kB
Progress (4): 53/502 kB | 49/149 kB | 44/61 kB | 45 kB
Progress (4): 53/502 kB | 49/149 kB | 47/61 kB | 45 kB
Progress (4): 53/502 kB | 49/149 kB | 49/61 kB | 45 kB
Progress (4): 53/502 kB | 53/149 kB | 49/61 kB | 45 kB
Progress (4): 53/502 kB | 57/149 kB | 49/61 kB | 45 kB
Progress (4): 53/502 kB | 61/149 kB | 49/61 kB | 45 kB
Progress (4): 57/502 kB | 61/149 kB | 49/61 kB | 45 kB
Progress (4): 61/502 kB | 61/149 kB | 49/61 kB | 45 kB
Progress (4): 66/502 kB | 61/149 kB | 49/61 kB | 45 kB
Progress (4): 70/502 kB | 61/149 kB | 49/61 kB | 45 kB
Progress (4): 74/502 kB | 61/149 kB | 49/61 kB | 45 kB
Progress (4): 74/502 kB | 61/149 kB | 52/61 kB | 45 kB
Progress (4): 74/502 kB | 61/149 kB | 55/61 kB | 45 kB
Progress (4): 74/502 kB | 66/149 kB | 55/61 kB | 45 kB
Progress (4): 74/502 kB | 70/149 kB | 55/61 kB | 45 kB
Progress (4): 74/502 kB | 74/149 kB | 55/61 kB | 45 kB
Progress (4): 74/502 kB | 78/149 kB | 55/61 kB | 45 kB
Progress (4): 74/502 kB | 82/149 kB | 55/61 kB | 45 kB
Progress (4): 78/502 kB | 82/149 kB | 55/61 kB | 45 kB
Progress (4): 78/502 kB | 82/149 kB | 58/61 kB | 45 kB
Progress (4): 78/502 kB | 82/149 kB | 60/61 kB | 45 kB
Progress (4): 78/502 kB | 82/149 kB | 61 kB | 45 kB   
Progress (4): 78/502 kB | 86/149 kB | 61 kB | 45 kB
Progress (4): 78/502 kB | 90/149 kB | 61 kB | 45 kB
Progress (4): 78/502 kB | 94/149 kB | 61 kB | 45 kB
Progress (4): 78/502 kB | 98/149 kB | 61 kB | 45 kB
                                                   
Downloaded from central: https://repo.maven.apache.org/maven2/org/apache/maven/shared/maven-common-artifact-filters/3.0.1/maven-common-artifact-filters-3.0.1.jar (61 kB at 76 kB/s)
Progress (3): 82/502 kB | 98/149 kB | 45 kB
Progress (3): 86/502 kB | 98/149 kB | 45 kB
Progress (3): 90/502 kB | 98/149 kB | 45 kB
Progress (3): 94/502 kB | 98/149 kB | 45 kB
Progress (3): 98/502 kB | 98/149 kB | 45 kB
Progress (3): 102/502 kB | 98/149 kB | 45 kB
Progress (3): 106/502 kB | 98/149 kB | 45 kB
Progress (3): 111/502 kB | 98/149 kB | 45 kB
Progress (3): 115/502 kB | 98/149 kB | 45 kB
Progress (3): 119/502 kB | 98/149 kB | 45 kB
Progress (3): 123/502 kB | 98/149 kB | 45 kB
Progress (3): 127/502 kB | 98/149 kB | 45 kB
Progress (3): 131/502 kB | 98/149 kB | 45 kB
                                            
Downloaded from central: https://repo.maven.apache.org/maven2/javax/enterprise/cdi-api/1.0/cdi-api-1.0.jar (45 kB at 55 kB/s)
Progress (2): 131/502 kB | 102/149 kB
Progress (2): 131/502 kB | 106/149 kB
Progress (2): 131/502 kB | 111/149 kB
Progress (2): 131/502 kB | 115/149 kB
Progress (2): 131/502 kB | 119/149 kB
Progress (2): 131/502 kB | 123/149 kB
Progress (2): 131/502 kB | 127/149 kB
Progress (2): 131/502 kB | 131/149 kB
Progress (2): 135/502 kB | 131/149 kB
Progress (2): 139/502 kB | 131/149 kB
Progress (2): 143/502 kB | 131/149 kB
Progress (2): 147/502 kB | 131/149 kB
Progress (2): 152/502 kB | 131/149 kB
Progress (2): 156/502 kB | 131/149 kB
Progress (2): 160/502 kB | 131/149 kB
Progress (2): 160/502 kB | 135/149 kB
Progress (2): 160/502 kB | 139/149 kB
Progress (2): 160/502 kB | 143/149 kB
Progress (2): 160/502 kB | 147/149 kB
Progress (2): 160/502 kB | 149 kB    
Progress (2): 164/502 kB | 149 kB
Progress (2): 168/502 kB | 149 kB
Progress (2): 172/502 kB | 149 kB
Progress (2): 176/502 kB | 149 kB
Progress (2): 180/502 kB | 149 kB
                                 
Downloaded from central: https://repo.maven.apache.org/maven2/org/springframework/boot/spring-boot-loader-tools/2.1.5.RELEASE/spring-boot-loader-tools-2.1.5.RELEASE.jar (149 kB at 165 kB/s)
Progress (1): 184/502 kB
Progress (1): 188/502 kB
Progress (1): 193/502 kB
Progress (1): 197/502 kB
Progress (1): 201/502 kB
Progress (1): 205/502 kB
Progress (1): 209/502 kB
Progress (1): 213/502 kB
Progress (1): 217/502 kB
Progress (1): 221/502 kB
Progress (1): 225/502 kB
Progress (1): 229/502 kB
Progress (1): 233/502 kB
Progress (1): 238/502 kB
Progress (1): 242/502 kB
Progress (1): 246/502 kB
Progress (1): 250/502 kB
Progress (1): 254/502 kB
Progress (1): 258/502 kB
Progress (1): 262/502 kB
Progress (1): 266/502 kB
Progress (1): 270/502 kB
Progress (1): 274/502 kB
Progress (1): 279/502 kB
Progress (1): 283/502 kB
Progress (1): 287/502 kB
Progress (1): 291/502 kB
Progress (1): 295/502 kB
Progress (1): 299/502 kB
Progress (1): 303/502 kB
Progress (1): 307/502 kB
Progress (1): 311/502 kB
Progress (1): 315/502 kB
Progress (1): 319/502 kB
Progress (1): 324/502 kB
Progress (1): 328/502 kB
Progress (1): 332/502 kB
Progress (1): 336/502 kB
Progress (1): 340/502 kB
Progress (1): 344/502 kB
Progress (1): 348/502 kB
Progress (1): 352/502 kB
Progress (1): 356/502 kB
Progress (1): 360/502 kB
Progress (1): 365/502 kB
Progress (1): 369/502 kB
Progress (1): 373/502 kB
Progress (1): 377/502 kB
Progress (1): 381/502 kB
Progress (1): 385/502 kB
Progress (1): 389/502 kB
Progress (1): 393/502 kB
Progress (1): 397/502 kB
Progress (1): 401/502 kB
Progress (1): 406/502 kB
Progress (1): 410/502 kB
Progress (1): 414/502 kB
Progress (1): 418/502 kB
Progress (1): 422/502 kB
Progress (1): 426/502 kB
Progress (1): 430/502 kB
Progress (1): 434/502 kB
Progress (1): 438/502 kB
Progress (1): 442/502 kB
Progress (1): 446/502 kB
Progress (1): 451/502 kB
Progress (1): 455/502 kB
Progress (1): 459/502 kB
Progress (1): 463/502 kB
Progress (1): 467/502 kB
Progress (1): 471/502 kB
Progress (1): 475/502 kB
Progress (1): 479/502 kB
Progress (1): 483/502 kB
Progress (1): 487/502 kB
Progress (1): 492/502 kB
Progress (1): 496/502 kB
Progress (1): 500/502 kB
Progress (1): 502 kB    
                    
Downloaded from central: https://repo.maven.apache.org/maven2/org/apache/commons/commons-lang3/3.8.1/commons-lang3-3.8.1.jar (502 kB at 520 kB/s)
[INFO] Replacing main artifact with repackaged archive
[INFO] ------------------------------------------------------------------------
[INFO] BUILD SUCCESS
[INFO] ------------------------------------------------------------------------
[INFO] Total time:  46.593 s
[INFO] Finished at: 2023-08-15T11:11:20Z
[INFO] ------------------------------------------------------------------------
Finished: SUCCESS
